[debug] [2024-01-19T12:37:24.971Z] ----------------------------------------------------------------------
[debug] [2024-01-19T12:37:24.975Z] Command:       C:\Program Files\nodejs\node.exe C:\Users\dorae\AppData\Roaming\npm\node_modules\firebase-tools\lib\bin\firebase.js init
[debug] [2024-01-19T12:37:24.975Z] CLI Version:   13.0.3
[debug] [2024-01-19T12:37:24.975Z] Platform:      win32
[debug] [2024-01-19T12:37:24.975Z] Node Version:  v21.6.0
[debug] [2024-01-19T12:37:24.975Z] Time:          Fri Jan 19 2024 19:37:24 GMT+0700 (Indochina Time)
[debug] [2024-01-19T12:37:24.976Z] ----------------------------------------------------------------------
[debug] 
[debug] [2024-01-19T12:37:24.983Z] > command requires scopes: ["email","openid","https://www.googleapis.com/auth/cloudplatformprojects.readonly","https://www.googleapis.com/auth/firebase","https://www.googleapis.com/auth/cloud-platform"]
[debug] [2024-01-19T12:37:24.984Z] > authorizing via signed-in user (jeonnofficial@gmail.com)
[info] 
     ######## #### ########  ######## ########     ###     ######  ########
     ##        ##  ##     ## ##       ##     ##  ##   ##  ##       ##
     ######    ##  ########  ######   ########  #########  ######  ######
     ##        ##  ##    ##  ##       ##     ## ##     ##       ## ##
     ##       #### ##     ## ######## ########  ##     ##  ######  ########

You're about to initialize a Firebase project in this directory:

  F:\YouTube\YouTube(Jw)\laixe

[info] 
=== Project Setup
[info] 
[info] First, let's associate this project directory with a Firebase project.
[info] You can create multiple project aliases by running firebase use --add, 
[info] but for now we'll just set up a default project.
[info] 
[debug] [2024-01-19T12:38:48.579Z] >>> [apiv2][query] GET https://firebase.googleapis.com/v1beta1/projects pageSize=100
[debug] [2024-01-19T12:38:49.207Z] <<< [apiv2][status] GET https://firebase.googleapis.com/v1beta1/projects 200
[debug] [2024-01-19T12:38:49.207Z] <<< [apiv2][body] GET https://firebase.googleapis.com/v1beta1/projects [omitted]
[info] i  Using project thi-trac-nghiem-7917d (Thi-Trac-Nghiem) 
[info] 
=== Database Setup
[info] i  database: ensuring required API firebasedatabase.googleapis.com is enabled... 
[debug] [2024-01-19T12:38:54.642Z] >>> [apiv2][query] GET https://serviceusage.googleapis.com/v1/projects/thi-trac-nghiem-7917d/services/firebasedatabase.googleapis.com [none]
[debug] [2024-01-19T12:38:54.642Z] >>> [apiv2][(partial)header] GET https://serviceusage.googleapis.com/v1/projects/thi-trac-nghiem-7917d/services/firebasedatabase.googleapis.com x-goog-quota-user=projects/thi-trac-nghiem-7917d
[debug] [2024-01-19T12:38:55.944Z] <<< [apiv2][status] GET https://serviceusage.googleapis.com/v1/projects/thi-trac-nghiem-7917d/services/firebasedatabase.googleapis.com 200
[debug] [2024-01-19T12:38:55.944Z] <<< [apiv2][body] GET https://serviceusage.googleapis.com/v1/projects/thi-trac-nghiem-7917d/services/firebasedatabase.googleapis.com [omitted]
[warn] !  database: missing required API firebasedatabase.googleapis.com. Enabling now... 
[debug] [2024-01-19T12:38:55.944Z] >>> [apiv2][query] POST https://serviceusage.googleapis.com/v1/projects/thi-trac-nghiem-7917d/services/firebasedatabase.googleapis.com:enable [none]
[debug] [2024-01-19T12:38:55.944Z] >>> [apiv2][(partial)header] POST https://serviceusage.googleapis.com/v1/projects/thi-trac-nghiem-7917d/services/firebasedatabase.googleapis.com:enable x-goog-quota-user=projects/thi-trac-nghiem-7917d
[debug] [2024-01-19T12:38:56.518Z] <<< [apiv2][status] POST https://serviceusage.googleapis.com/v1/projects/thi-trac-nghiem-7917d/services/firebasedatabase.googleapis.com:enable 200
[debug] [2024-01-19T12:38:56.518Z] <<< [apiv2][body] POST https://serviceusage.googleapis.com/v1/projects/thi-trac-nghiem-7917d/services/firebasedatabase.googleapis.com:enable [omitted]
[debug] [2024-01-19T12:39:06.533Z] >>> [apiv2][query] GET https://serviceusage.googleapis.com/v1/projects/thi-trac-nghiem-7917d/services/firebasedatabase.googleapis.com [none]
[debug] [2024-01-19T12:39:06.533Z] >>> [apiv2][(partial)header] GET https://serviceusage.googleapis.com/v1/projects/thi-trac-nghiem-7917d/services/firebasedatabase.googleapis.com x-goog-quota-user=projects/thi-trac-nghiem-7917d
[debug] [2024-01-19T12:39:07.751Z] <<< [apiv2][status] GET https://serviceusage.googleapis.com/v1/projects/thi-trac-nghiem-7917d/services/firebasedatabase.googleapis.com 200
[debug] [2024-01-19T12:39:07.751Z] <<< [apiv2][body] GET https://serviceusage.googleapis.com/v1/projects/thi-trac-nghiem-7917d/services/firebasedatabase.googleapis.com [omitted]
[info] +  database: required API firebasedatabase.googleapis.com is enabled 
[info] 
[debug] [2024-01-19T12:39:07.755Z] >>> [apiv2][query] GET https://firebase.googleapis.com/v1beta1/projects/thi-trac-nghiem-7917d [none]
[debug] [2024-01-19T12:39:08.077Z] <<< [apiv2][status] GET https://firebase.googleapis.com/v1beta1/projects/thi-trac-nghiem-7917d 200
[debug] [2024-01-19T12:39:08.078Z] <<< [apiv2][body] GET https://firebase.googleapis.com/v1beta1/projects/thi-trac-nghiem-7917d {"projectId":"thi-trac-nghiem-7917d","projectNumber":"930088317866","displayName":"Thi-Trac-Nghiem","name":"projects/thi-trac-nghiem-7917d","resources":{"hostingSite":"thi-trac-nghiem-7917d"},"state":"ACTIVE","etag":"1_0048680b-2065-4df4-8659-bca862d38ec6"}
[debug] [2024-01-19T12:40:54.585Z] >>> [apiv2][query] POST https://firebasedatabase.googleapis.com/v1beta/projects/thi-trac-nghiem-7917d/locations/asia-southeast1/instances databaseId=thi-trac-nghiem-7917d-default-rtdb&validateOnly=true
[debug] [2024-01-19T12:40:54.585Z] >>> [apiv2][body] POST https://firebasedatabase.googleapis.com/v1beta/projects/thi-trac-nghiem-7917d/locations/asia-southeast1/instances {"type":"default_database"}
[debug] [2024-01-19T12:40:55.933Z] <<< [apiv2][status] POST https://firebasedatabase.googleapis.com/v1beta/projects/thi-trac-nghiem-7917d/locations/asia-southeast1/instances 200
[debug] [2024-01-19T12:40:55.934Z] <<< [apiv2][body] POST https://firebasedatabase.googleapis.com/v1beta/projects/thi-trac-nghiem-7917d/locations/asia-southeast1/instances {"name":"projects/930088317866/locations/asia-southeast1/instances/thi-trac-nghiem-7917d-default-rtdb","project":"projects/930088317866","databaseUrl":"https://thi-trac-nghiem-7917d-default-rtdb.asia-southeast1.firebasedatabase.app","type":"DEFAULT_DATABASE","state":"ACTIVE"}
[debug] [2024-01-19T12:40:55.935Z] >>> [apiv2][query] POST https://firebasedatabase.googleapis.com/v1beta/projects/thi-trac-nghiem-7917d/locations/asia-southeast1/instances databaseId=thi-trac-nghiem-7917d-default-rtdb
[debug] [2024-01-19T12:40:55.935Z] >>> [apiv2][body] POST https://firebasedatabase.googleapis.com/v1beta/projects/thi-trac-nghiem-7917d/locations/asia-southeast1/instances {"type":"default_database"}
[debug] [2024-01-19T12:40:56.445Z] <<< [apiv2][status] POST https://firebasedatabase.googleapis.com/v1beta/projects/thi-trac-nghiem-7917d/locations/asia-southeast1/instances 200
[debug] [2024-01-19T12:40:56.445Z] <<< [apiv2][body] POST https://firebasedatabase.googleapis.com/v1beta/projects/thi-trac-nghiem-7917d/locations/asia-southeast1/instances {"name":"projects/930088317866/locations/asia-southeast1/instances/thi-trac-nghiem-7917d-default-rtdb","project":"projects/930088317866","databaseUrl":"https://thi-trac-nghiem-7917d-default-rtdb.asia-southeast1.firebasedatabase.app","type":"DEFAULT_DATABASE","state":"ACTIVE"}
[info] 
[info] Firebase Realtime Database Security Rules allow you to define how your data should be
[info] structured and when your data can be read from and written to.
[info] 
[debug] [2024-01-19T12:41:20.482Z] >>> [apiv2][query] GET https://thi-trac-nghiem-7917d-default-rtdb.asia-southeast1.firebasedatabase.app/.settings/rules.json [none]
[debug] [2024-01-19T12:41:22.163Z] <<< [apiv2][status] GET https://thi-trac-nghiem-7917d-default-rtdb.asia-southeast1.firebasedatabase.app/.settings/rules.json 200
[debug] [2024-01-19T12:41:22.163Z] <<< [apiv2][body] GET https://thi-trac-nghiem-7917d-default-rtdb.asia-southeast1.firebasedatabase.app/.settings/rules.json [stream]
[info] +  Database Rules for thi-trac-nghiem-7917d-default-rtdb have been written to database.rules.json. 
[info] Future modifications to database.rules.json will update Realtime Database Security Rules when you run
[info] firebase deploy.
[info] 
=== Functions Setup
[debug] [2024-01-19T12:41:22.167Z] > command requires scopes: ["email","openid","https://www.googleapis.com/auth/cloudplatformprojects.readonly","https://www.googleapis.com/auth/firebase","https://www.googleapis.com/auth/cloud-platform"]
[debug] [2024-01-19T12:41:22.167Z] > authorizing via signed-in user (jeonnofficial@gmail.com)
[debug] [2024-01-19T12:41:22.167Z] [iam] checking project thi-trac-nghiem-7917d for permissions ["firebase.projects.get"]
[debug] [2024-01-19T12:41:22.168Z] >>> [apiv2][query] POST https://cloudresourcemanager.googleapis.com/v1/projects/thi-trac-nghiem-7917d:testIamPermissions [none]
[debug] [2024-01-19T12:41:22.168Z] >>> [apiv2][(partial)header] POST https://cloudresourcemanager.googleapis.com/v1/projects/thi-trac-nghiem-7917d:testIamPermissions x-goog-quota-user=projects/thi-trac-nghiem-7917d
[debug] [2024-01-19T12:41:22.168Z] >>> [apiv2][body] POST https://cloudresourcemanager.googleapis.com/v1/projects/thi-trac-nghiem-7917d:testIamPermissions {"permissions":["firebase.projects.get"]}
[debug] [2024-01-19T12:41:23.139Z] <<< [apiv2][status] POST https://cloudresourcemanager.googleapis.com/v1/projects/thi-trac-nghiem-7917d:testIamPermissions 200
[debug] [2024-01-19T12:41:23.139Z] <<< [apiv2][body] POST https://cloudresourcemanager.googleapis.com/v1/projects/thi-trac-nghiem-7917d:testIamPermissions {"permissions":["firebase.projects.get"]}
[debug] [2024-01-19T12:41:23.140Z] >>> [apiv2][query] GET https://serviceusage.googleapis.com/v1/projects/thi-trac-nghiem-7917d/services/cloudfunctions.googleapis.com [none]
[debug] [2024-01-19T12:41:23.140Z] >>> [apiv2][(partial)header] GET https://serviceusage.googleapis.com/v1/projects/thi-trac-nghiem-7917d/services/cloudfunctions.googleapis.com x-goog-quota-user=projects/thi-trac-nghiem-7917d
[debug] [2024-01-19T12:41:23.142Z] >>> [apiv2][query] GET https://serviceusage.googleapis.com/v1/projects/thi-trac-nghiem-7917d/services/runtimeconfig.googleapis.com [none]
[debug] [2024-01-19T12:41:23.142Z] >>> [apiv2][(partial)header] GET https://serviceusage.googleapis.com/v1/projects/thi-trac-nghiem-7917d/services/runtimeconfig.googleapis.com x-goog-quota-user=projects/thi-trac-nghiem-7917d
[debug] [2024-01-19T12:41:24.365Z] <<< [apiv2][status] GET https://serviceusage.googleapis.com/v1/projects/thi-trac-nghiem-7917d/services/runtimeconfig.googleapis.com 200
[debug] [2024-01-19T12:41:24.365Z] <<< [apiv2][body] GET https://serviceusage.googleapis.com/v1/projects/thi-trac-nghiem-7917d/services/runtimeconfig.googleapis.com [omitted]
[debug] [2024-01-19T12:41:24.368Z] <<< [apiv2][status] GET https://serviceusage.googleapis.com/v1/projects/thi-trac-nghiem-7917d/services/cloudfunctions.googleapis.com 200
[debug] [2024-01-19T12:41:24.368Z] <<< [apiv2][body] GET https://serviceusage.googleapis.com/v1/projects/thi-trac-nghiem-7917d/services/cloudfunctions.googleapis.com [omitted]
[debug] [2024-01-19T12:41:24.369Z] >>> [apiv2][query] POST https://serviceusage.googleapis.com/v1/projects/thi-trac-nghiem-7917d/services/cloudfunctions.googleapis.com:enable [none]
[debug] [2024-01-19T12:41:24.369Z] >>> [apiv2][(partial)header] POST https://serviceusage.googleapis.com/v1/projects/thi-trac-nghiem-7917d/services/cloudfunctions.googleapis.com:enable x-goog-quota-user=projects/thi-trac-nghiem-7917d
[debug] [2024-01-19T12:41:25.912Z] <<< [apiv2][status] POST https://serviceusage.googleapis.com/v1/projects/thi-trac-nghiem-7917d/services/cloudfunctions.googleapis.com:enable 200
[debug] [2024-01-19T12:41:25.912Z] <<< [apiv2][body] POST https://serviceusage.googleapis.com/v1/projects/thi-trac-nghiem-7917d/services/cloudfunctions.googleapis.com:enable [omitted]
[debug] [2024-01-19T12:41:35.927Z] >>> [apiv2][query] GET https://serviceusage.googleapis.com/v1/projects/thi-trac-nghiem-7917d/services/cloudfunctions.googleapis.com [none]
[debug] [2024-01-19T12:41:35.927Z] >>> [apiv2][(partial)header] GET https://serviceusage.googleapis.com/v1/projects/thi-trac-nghiem-7917d/services/cloudfunctions.googleapis.com x-goog-quota-user=projects/thi-trac-nghiem-7917d
[debug] [2024-01-19T12:41:37.151Z] <<< [apiv2][status] GET https://serviceusage.googleapis.com/v1/projects/thi-trac-nghiem-7917d/services/cloudfunctions.googleapis.com 200
[debug] [2024-01-19T12:41:37.151Z] <<< [apiv2][body] GET https://serviceusage.googleapis.com/v1/projects/thi-trac-nghiem-7917d/services/cloudfunctions.googleapis.com [omitted]
[info] Let's create a new codebase for your functions.
[info] A directory corresponding to the codebase will be created in your project
[info] with sample code pre-configured.

[info] See https://firebase.google.com/docs/functions/organize-functions for
[info] more information on organizing your functions using codebases.

[info] Functions can be deployed with firebase deploy.

[info] +  Wrote functions/package.json 
[info] +  Wrote functions/.eslintrc.js 
[info] +  Wrote functions/index.js 
[info] +  Wrote functions/.gitignore 
[info] 
=== Hosting Setup
[debug] [2024-01-19T12:43:10.365Z] >>> [apiv2][query] GET https://firebase.googleapis.com/v1beta1/projects/thi-trac-nghiem-7917d [none]
[debug] [2024-01-19T12:43:10.716Z] <<< [apiv2][status] GET https://firebase.googleapis.com/v1beta1/projects/thi-trac-nghiem-7917d 200
[debug] [2024-01-19T12:43:10.716Z] <<< [apiv2][body] GET https://firebase.googleapis.com/v1beta1/projects/thi-trac-nghiem-7917d {"projectId":"thi-trac-nghiem-7917d","projectNumber":"930088317866","displayName":"Thi-Trac-Nghiem","name":"projects/thi-trac-nghiem-7917d","resources":{"hostingSite":"thi-trac-nghiem-7917d","realtimeDatabaseInstance":"thi-trac-nghiem-7917d-default-rtdb"},"state":"ACTIVE","etag":"1_0048680b-2065-4df4-8659-bca862d38ec6"}
[info] 
[info] Your public directory is the folder (relative to your project directory) that
[info] will contain Hosting assets to be uploaded with firebase deploy. If you
[info] have a build process for your assets, use your build's output directory.
[info] 
[debug] [2024-01-19T12:43:30.638Z] >>> [apiv2][query] GET https://www.gstatic.com/firebasejs/releases.json [none]
[debug] [2024-01-19T12:43:30.762Z] <<< [apiv2][status] GET https://www.gstatic.com/firebasejs/releases.json 200
[debug] [2024-01-19T12:43:30.762Z] <<< [apiv2][body] GET https://www.gstatic.com/firebasejs/releases.json {"current":{"version":"10.7.2","browserURL":"https://www.gstatic.com/firebasejs/10.7.2/firebase.js","packageURL":"https://www.gstatic.com/firebasejs/10.7.2/firebase.tgz"},"live":{"version":"10.7","browserURL":"https://www.gstatic.com/firebasejs/live/10.7/firebase.js","packageURL":"https://www.gstatic.com/firebasejs/live/10.7/firebase.tgz"},"components":{"analytics":"https://www.gstatic.com/firebasejs/10.7.2/firebase-analytics.js","app":"https://www.gstatic.com/firebasejs/10.7.2/firebase-app.js","app-check":"https://www.gstatic.com/firebasejs/10.7.2/firebase-app-check.js","auth":"https://www.gstatic.com/firebasejs/10.7.2/firebase-auth.js","auth/cordova":"https://www.gstatic.com/firebasejs/10.7.2/firebase-auth/cordova.js","functions":"https://www.gstatic.com/firebasejs/10.7.2/firebase-functions.js","firestore":"https://www.gstatic.com/firebasejs/10.7.2/firebase-firestore.js","firestore/lite":"https://www.gstatic.com/firebasejs/10.7.2/firebase-firestore/lite.js","installations":"https://www.gstatic.com/firebasejs/10.7.2/firebase-installations.js","storage":"https://www.gstatic.com/firebasejs/10.7.2/firebase-storage.js","performance":"https://www.gstatic.com/firebasejs/10.7.2/firebase-performance.js","remote-config":"https://www.gstatic.com/firebasejs/10.7.2/firebase-remote-config.js","messaging":"https://www.gstatic.com/firebasejs/10.7.2/firebase-messaging.js","messaging/sw":"https://www.gstatic.com/firebasejs/10.7.2/firebase-messaging/sw.js","database":"https://www.gstatic.com/firebasejs/10.7.2/firebase-database.js","firestore.memory":"https://www.gstatic.com/firebasejs/10.7.2/firebase-firestore.memory.js"}}
[info] +  Wrote public/index.html 
[info] 
[info] i  Didn't detect a .git folder. Assuming F:\YouTube\YouTube(Jw)\laixe is the project root. 
[info] i  Authorizing with GitHub to upload your service account to a GitHub repository's secrets store. 
[info] 
[info] Visit this URL on this device to log in:
[info] https://github.com/login/oauth/authorize?client_id=89cf50f02ac6aaed3484&state=1013630155&redirect_uri=http%3A%2F%2Flocalhost%3A9005&scope=read%3Auser%20repo%20public_repo
[info] 
[info] Waiting for authentication...
[debug] [2024-01-19T12:45:19.104Z] >>> [apiv2][query] POST https://github.com/login/oauth/access_token [none]
[debug] [2024-01-19T12:45:19.105Z] >>> [apiv2][body] POST https://github.com/login/oauth/access_token [stream]
[debug] [2024-01-19T12:45:19.642Z] <<< [apiv2][status] POST https://github.com/login/oauth/access_token 200
[debug] [2024-01-19T12:45:19.642Z] <<< [apiv2][body] POST https://github.com/login/oauth/access_token {"access_token":"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","token_type":"bearer","scope":"read:user,repo"}
[debug] [2024-01-19T12:45:19.646Z] >>> [apiv2][query] GET https://api.github.com/user [none]
[debug] [2024-01-19T12:45:20.157Z] <<< [apiv2][status] GET https://api.github.com/user 200
[debug] [2024-01-19T12:45:20.157Z] <<< [apiv2][body] GET https://api.github.com/user {"login":"jeonofficial","id":157125262,"node_id":"U_kgDOCV2Kjg","avatar_url":"https://avatars.githubusercontent.com/u/157125262?v=4","gravatar_id":"","url":"https://api.github.com/users/jeonofficial","html_url":"https://github.com/jeonofficial","followers_url":"https://api.github.com/users/jeonofficial/followers","following_url":"https://api.github.com/users/jeonofficial/following{/other_user}","gists_url":"https://api.github.com/users/jeonofficial/gists{/gist_id}","starred_url":"https://api.github.com/users/jeonofficial/starred{/owner}{/repo}","subscriptions_url":"https://api.github.com/users/jeonofficial/subscriptions","organizations_url":"https://api.github.com/users/jeonofficial/orgs","repos_url":"https://api.github.com/users/jeonofficial/repos","events_url":"https://api.github.com/users/jeonofficial/events{/privacy}","received_events_url":"https://api.github.com/users/jeonofficial/received_events","type":"User","site_admin":false,"name":null,"company":null,"blog":"","location":null,"email":null,"hireable":null,"bio":null,"twitter_username":null,"public_repos":0,"public_gists":0,"followers":0,"following":0,"created_at":"2024-01-19T12:44:57Z","updated_at":"2024-01-19T12:44:57Z","private_gists":0,"total_private_repos":0,"owned_private_repos":0,"disk_usage":0,"collaborators":0,"two_factor_authentication":false,"plan":{"name":"free","space":976562499,"collaborators":0,"private_repos":10000}}
[info] 
[info] +  Success! Logged into GitHub as jeonofficial 
[info] 
[debug] [2024-01-19T12:45:24.837Z] >>> [apiv2][query] GET https://api.github.com/repos//actions/secrets/public-key type=owner
[debug] [2024-01-19T12:45:25.179Z] <<< [apiv2][status] GET https://api.github.com/repos//actions/secrets/public-key 404
[debug] [2024-01-19T12:45:25.179Z] <<< [apiv2][body] GET https://api.github.com/repos//actions/secrets/public-key {"message":"Not Found","documentation_url":"https://docs.github.com/rest"}
[info] 
[info] 
[error] !  The provided authorization cannot be used with this repository. If this repository is in an organization, did you remember to grant access? 
[info] 
[info] i  Action required: Visit this URL to ensure access has been granted to the appropriate organization(s) for the Firebase CLI GitHub OAuth App: 
[info] https://github.com/settings/connections/applications/89cf50f02ac6aaed3484
[info] 
[debug] [2024-01-19T12:45:26.982Z] >>> [apiv2][query] GET https://api.github.com/repos//actions/secrets/public-key type=owner
[debug] [2024-01-19T12:45:27.324Z] <<< [apiv2][status] GET https://api.github.com/repos//actions/secrets/public-key 404
[debug] [2024-01-19T12:45:27.324Z] <<< [apiv2][body] GET https://api.github.com/repos//actions/secrets/public-key {"message":"Not Found","documentation_url":"https://docs.github.com/rest"}
[info] 
[info] 
[error] !  The provided authorization cannot be used with this repository. If this repository is in an organization, did you remember to grant access? 
[info] 
[info] i  Action required: Visit this URL to ensure access has been granted to the appropriate organization(s) for the Firebase CLI GitHub OAuth App: 
[info] https://github.com/settings/connections/applications/89cf50f02ac6aaed3484
[info] 
[debug] [2024-01-19T12:52:48.971Z] >>> [apiv2][query] GET https://api.github.com/repos//actions/secrets/public-key type=owner
[debug] [2024-01-19T12:52:49.433Z] <<< [apiv2][status] GET https://api.github.com/repos//actions/secrets/public-key 404
[debug] [2024-01-19T12:52:49.434Z] <<< [apiv2][body] GET https://api.github.com/repos//actions/secrets/public-key {"message":"Not Found","documentation_url":"https://docs.github.com/rest"}
[info] 
[info] 
[error] !  The provided authorization cannot be used with this repository. If this repository is in an organization, did you remember to grant access? 
[info] 
[info] i  Action required: Visit this URL to ensure access has been granted to the appropriate organization(s) for the Firebase CLI GitHub OAuth App: 
[info] https://github.com/settings/connections/applications/89cf50f02ac6aaed3484
[info] 
[debug] [2024-01-19T12:52:49.973Z] >>> [apiv2][query] GET https://api.github.com/repos//actions/secrets/public-key type=owner
[debug] [2024-01-19T12:52:50.315Z] <<< [apiv2][status] GET https://api.github.com/repos//actions/secrets/public-key 404
[debug] [2024-01-19T12:52:50.315Z] <<< [apiv2][body] GET https://api.github.com/repos//actions/secrets/public-key {"message":"Not Found","documentation_url":"https://docs.github.com/rest"}
[info] 
[info] 
[error] !  The provided authorization cannot be used with this repository. If this repository is in an organization, did you remember to grant access? 
[info] 
[info] i  Action required: Visit this URL to ensure access has been granted to the appropriate organization(s) for the Firebase CLI GitHub OAuth App: 
[info] https://github.com/settings/connections/applications/89cf50f02ac6aaed3484
[info] 
[debug] [2024-01-19T12:52:55.755Z] >>> [apiv2][query] GET https://api.github.com/repos/ /actions/secrets/public-key type=owner
[debug] [2024-01-19T12:52:56.243Z] <<< [apiv2][status] GET https://api.github.com/repos/ /actions/secrets/public-key 404
[debug] [2024-01-19T12:52:56.244Z] <<< [apiv2][body] GET https://api.github.com/repos/ /actions/secrets/public-key {"message":"Not Found","documentation_url":"https://docs.github.com/rest"}
[info] 
[info] 
[error] !  The provided authorization cannot be used with this repository. If this repository is in an organization, did you remember to grant access? 
[info] 
[info] i  Action required: Visit this URL to ensure access has been granted to the appropriate organization(s) for the Firebase CLI GitHub OAuth App: 
[info] https://github.com/settings/connections/applications/89cf50f02ac6aaed3484
[info] 
